runcpu v5825 started at 2017-11-03 02:38:40 on "freeze3"
runcpu is: /mnt/freezedisk/speccpu2017-intptr/bin/harness/runcpu
runcpu: runcpu --config linux64-amd64-clang-br2-correct2-o3-release.cfg --noreportable --rebuild --iterations 3 505.mcf_r
toolset: linux-x86_64

Locating benchmarks...found 47 benchmarks in 53 benchsets.
Reading config file '/mnt/freezedisk/speccpu2017-intptr/config/linux64-amd64-clang-br2-correct2-o3-release.cfg'

1 configuration selected:

 Action    Run Mode   Workload     Report Type      Benchmarks
--------   --------   --------   ----------------   ---------------------------
validate   rate       refrate    SPECrate2017_int   505.mcf_r                  
-------------------------------------------------------------------------------

Setting up environment for running 505.mcf_r...
Starting runcpu for 505.mcf_r...
Running "specperl /mnt/freezedisk/speccpu2017-intptr/bin/sysinfo" to gather system information.
sysinfo: r5797 of 2017-06-14 (96c45e4568ad54c135fd618bcc091c0f)
sysinfo: Getting system information for Linux...
sysinfo: ...getting CPU info
sysinfo: ...getting info from numactl
sysinfo: ...getting memory info
sysinfo: ...getting OS info
sysinfo: ...getting disk info
sysinfo: ...trying to get DIMM info from dmidecode
Retrieving flags file (/mnt/freezedisk/speccpu2017-intptr/config/flags/gcc.xml)...
Retrieving flags file (/mnt/freezedisk/speccpu2017-intptr/config/flags/clang.xml)...
Verbosity = 5
Action    = validate
Tune      = base
Label     = mytest-m64
Size      = refrate
benchmarks= 505.mcf_r
outputs   = txt,html,cfg,pdf,csv
username  = sflab
Environment settings:
LD_LIBRARY_PATH = "/mnt/freezedisk/llvm-intptr-br2-correct2-release/lib"
LIBRARY_PATH = "/mnt/freezedisk/llvm-intptr-br2-correct2-release/lib"
PATH = "/mnt/freezedisk/llvm-intptr-br2-correct2-release/bin:%{ENV_PATH}"

Benchmarks selected: 505.mcf_r
When checking executables (/mnt/freezedisk/speccpu2017-intptr/benchspec/CPU/505.mcf_r/exe/mcf_r_base.mytest-m64), no checksums were
  found in the config file.  They will be installed after build.
When checking executables (/mnt/freezedisk/speccpu2017-intptr/benchspec/CPU/505.mcf_r/exe/mcf_r_base.mytest-m64), no checksums were
  found in the config file.  They will be installed after build.
Compiling Binaries
------------------------------------------------------------------------
  Building 505.mcf_r base mytest-m64: (build_base_mytest-m64.0000) [2017-11-03 02:38:43]
Wrote to makefile '/mnt/freezedisk/speccpu2017-intptr/benchspec/CPU/505.mcf_r/build/build_base_mytest-m64.0000/Makefile.deps':
# End dependencies
# These are the build dependencies
Wrote to makefile '/mnt/freezedisk/speccpu2017-intptr/benchspec/CPU/505.mcf_r/build/build_base_mytest-m64.0000/Makefile.spec':
TUNE=base
LABEL=mytest-m64
NUMBER=505
NAME=mcf_r
SOURCES= mcf.c mcfutil.c readmin.c implicit.c pstart.c output.c treeup.c \
	 pbla.c pflowup.c psimplex.c pbeampp.c spec_qsort/spec_qsort.c
EXEBASE=mcf_r
NEED_MATH=yes
BENCHLANG=C
BASE_DIR         = /mnt/freezedisk
BENCH_CFLAGS     = -Ispec_qsort -DSPEC_AUTO_SUPPRESS_OPENMP
CC               = $(LLVM_BIN_PATH)/clang -m64
CC_VERSION_OPTION = -v
CLD              = $(LLVM_BIN_PATH)/clang -m64
COPTIMIZE        = -O3 -mavx
CXX              = $(LLVM_BIN_PATH)/clang++ -m64
CXXOPTIMIZE      = -O3 -mavx
CXX_VERSION_OPTION = -v
DRAGONEGG_PATH   = /mnt/freezedisk/llvm-intptr-br2-correct2-release/dragonegg
DRAGONEGG_SPECS  = /mnt/freezedisk/llvm-intptr-br2-correct2-release/dragonegg/integrated-as.specs
EXTRA_FFLAGS     = 
EXTRA_FLIBS      = -lgfortran -lm
EXTRA_PORTABILITY = -DSPEC_LP64
FC               = $(FORTRAN_COMP) -m64
FC_VERSION_OPTION = -v
FLD              = $(LLVM_BIN_PATH)/clang -m64
FOPTIMIZE        = -O3 -mavx -funroll-loops
FORTRAN_COMP     = $(GFORTRAN_DIR)/gfortran
GFORTRAN_DIR     = /usr/bin
LDCFLAGS         = -z muldefs
LDOPTIMIZE       = -z muldefs
LLVM_BIN_PATH    = /mnt/freezedisk/llvm-intptr-br2-correct2-release/bin
LLVM_GCC_DIR     = /mnt/freezedisk/llvm-intptr-br2-correct2-release/gcc-4.8.2
LLVM_INCLUDE_PATH = /mnt/freezedisk/llvm-intptr-br2-correct2-release/include
LLVM_LIB_PATH    = /mnt/freezedisk/llvm-intptr-br2-correct2-release/lib
LLVM_PATH        = /mnt/freezedisk/llvm-intptr-br2-correct2-release
LLVM_ROOT_PATH   = /mnt/freezedisk/llvm-intptr-br2-correct2-release
OPENMP_DIR       = /mnt/freezedisk/lib/libomp_oss/exports
OS               = unix
absolutely_no_locking = 0
abstol           = 
action           = validate
allow_label_override = 0
backup_config    = 1
baseexe          = mcf_r
basepeak         = 0
benchdir         = benchspec
benchmark        = 505.mcf_r
binary           = 
bindir           = exe
builddir         = build
bundleaction     = 
bundlename       = 
calctol          = 1
changedhash      = 0
check_version    = 0
clean_between_builds = no
command_add_redirect = 0
commanderrfile   = speccmds.err
commandexe       = mcf_r_base.mytest-m64
commandfile      = speccmds.cmd
commandoutfile   = speccmds.out
commandstdoutfile = speccmds.stdout
comparedir       = compare
compareerrfile   = compare.err
comparefile      = compare.cmd
compareoutfile   = compare.out
comparestdoutfile = compare.stdout
compile_error    = 0
compwhite        = 
configdir        = config
configfile       = linux64-amd64-clang-br2-correct2-o3-release.cfg
configpath       = /mnt/freezedisk/speccpu2017-intptr/config/linux64-amd64-clang-br2-correct2-o3-release.cfg
copies           = 1
current_range    = 
datadir          = data
default_size     = ref
default_submit   = $command
delay            = 0
deletebinaries   = 0
deletework       = 0
dependent_workloads = 0
device           = 
difflines        = 10
dirprot          = 511
discard_power_samples = 0
enable_monitor   = 1
endian           = 12345678
env_vars         = 0
expand_notes     = 0
expid            = 
exthash_bits     = 256
failflags        = 0
fake             = 0
feedback         = 1
flag_url_base    = https://www.spec.org/auto/cpu2017/Docs/benchmarks/flags/
floatcompare     = 
force_monitor    = 0
from_runcpu      = 2
fw_bios          = 
hostname         = freeze3
http_proxy       = 
http_timeout     = 30
hw_avail         = 
hw_cpu_max_mhz   = 
hw_cpu_name      = Intel Core i7-7700
hw_cpu_nominal_mhz = 
hw_disk          = 939 GB  add more disk info here
hw_memory001     = 7.507 GB fixme: If using DDR3, format is:
hw_memory002     = 'N GB (M x N GB nRxn PCn-nnnnnR-n, ECC)'
hw_model         = 
hw_nchips        = 1
hw_ncores        = 
hw_ncpuorder     = 
hw_nthreadspercore = 
hw_ocache        = 
hw_other         = 
hw_pcache        = 
hw_scache        = 
hw_tcache        = 
hw_vendor        = My Corporation
idle_current_range = 
idledelay        = 10
idleduration     = 60
ignore_errors    = 1
ignore_sigint    = 0
ignorecase       = 
info_wrap_columns = 50
inputdir         = input
inputgenerrfile  = inputgen.err
inputgenfile     = inputgen.cmd
inputgenoutfile  = inputgen.out
inputgenstdoutfile = inputgen.stdout
iteration        = -1
iterations       = 3
keeptmp          = 0
label            = mytest-m64
license_num      = nnn (Your SPEC license number)
line_width       = 1020
link_input_files = 1
locking          = 1
log              = CPU2017
log_line_width   = 1020
log_timestamp    = 0
logfile          = /mnt/freezedisk/speccpu2017-intptr/tmp/CPU2017.003/templogs/preenv.intrate.003.0
logname          = /mnt/freezedisk/speccpu2017-intptr/tmp/CPU2017.003/templogs/preenv.intrate.003.0
lognum           = 003.0
mail_reports     = all
mailcompress     = 0
mailmethod       = smtp
mailport         = 25
mailserver       = 127.0.0.1
mailto           = 
make             = specmake
make_no_clobber  = 0
makefile_template = Makefile.YYYtArGeTYYYspec
makeflags        = --jobs=8
max_average_uncertainty = 1
max_hum_limit    = 0
max_report_runs  = 3
max_unknown_uncertainty = 1
mean_anyway      = 1
meter_connect_timeout = 30
meter_errors_default = 5
meter_errors_percentage = 5
min_report_runs  = 2
min_temp_limit   = 20
minimize_builddirs = 0
minimize_rundirs = 0
name             = mcf_r
nansupport       = 
need_math        = yes
no_input_handler = close
no_monitor       = 
noratios         = 0
note_preenv      = 1
notes_plat_sysinfo_000 =  Sysinfo program /mnt/freezedisk/speccpu2017-intptr/bin/sysinfo
notes_plat_sysinfo_005 =  Rev: r5797 of 2017-06-14 96c45e4568ad54c135fd618bcc091c0f
notes_plat_sysinfo_010 =  running on freeze3 Fri Nov  3 02:38:41 2017
notes_plat_sysinfo_015 = 
notes_plat_sysinfo_020 =  SUT (System Under Test) info as seen by some common utilities.
notes_plat_sysinfo_025 =  For more information on this section, see
notes_plat_sysinfo_030 =     https://www.spec.org/cpu2017/Docs/config.html\#sysinfo
notes_plat_sysinfo_035 = 
notes_plat_sysinfo_040 =  From /proc/cpuinfo
notes_plat_sysinfo_045 =     model name : Intel(R) Core(TM) i7-7700 CPU @ 3.60GHz
notes_plat_sysinfo_050 =        1  "physical id"s (chips)
notes_plat_sysinfo_055 =        4 "processors"
notes_plat_sysinfo_060 =     cores, siblings (Caution: counting these is hw and system dependent. The following
notes_plat_sysinfo_065 =     excerpts from /proc/cpuinfo might not be reliable.  Use with caution.)
notes_plat_sysinfo_070 =        cpu cores : 4
notes_plat_sysinfo_075 =        siblings  : 4
notes_plat_sysinfo_080 =        physical 0: cores 0 1 2 3
notes_plat_sysinfo_085 = 
notes_plat_sysinfo_090 =  From lscpu:
notes_plat_sysinfo_095 =       Architecture:          x86_64
notes_plat_sysinfo_100 =       CPU op-mode(s):        32-bit, 64-bit
notes_plat_sysinfo_105 =       Byte Order:            Little Endian
notes_plat_sysinfo_110 =       CPU(s):                4
notes_plat_sysinfo_115 =       On-line CPU(s) list:   0-3
notes_plat_sysinfo_120 =       Thread(s) per core:    1
notes_plat_sysinfo_125 =       Core(s) per socket:    4
notes_plat_sysinfo_130 =       Socket(s):             1
notes_plat_sysinfo_135 =       NUMA node(s):          1
notes_plat_sysinfo_140 =       Vendor ID:             GenuineIntel
notes_plat_sysinfo_145 =       CPU family:            6
notes_plat_sysinfo_150 =       Model:                 158
notes_plat_sysinfo_155 =       Model name:            Intel(R) Core(TM) i7-7700 CPU @ 3.60GHz
notes_plat_sysinfo_160 =       Stepping:              9
notes_plat_sysinfo_165 =       CPU MHz:               3356.156
notes_plat_sysinfo_170 =       CPU max MHz:           4200.0000
notes_plat_sysinfo_175 =       CPU min MHz:           800.0000
notes_plat_sysinfo_180 =       BogoMIPS:              7199.62
notes_plat_sysinfo_185 =       Virtualization:        VT-x
notes_plat_sysinfo_190 =       L1d cache:             32K
notes_plat_sysinfo_195 =       L1i cache:             32K
notes_plat_sysinfo_200 =       L2 cache:              256K
notes_plat_sysinfo_205 =       L3 cache:              8192K
notes_plat_sysinfo_210 =       NUMA node0 CPU(s):     0-3
notes_plat_sysinfo_215 =       Flags:                 fpu vme de pse tsc msr pae mce cx8 apic sep mtrr pge mca cmov
notes_plat_sysinfo_220 =       pat pse36 clflush dts acpi mmx fxsr sse sse2 ss ht tm pbe syscall nx pdpe1gb rdtscp
notes_plat_sysinfo_225 =       lm constant_tsc art arch_perfmon pebs bts rep_good nopl xtopology nonstop_tsc
notes_plat_sysinfo_230 =       aperfmperf eagerfpu pni pclmulqdq dtes64 monitor ds_cpl vmx smx est tm2 ssse3 sdbg
notes_plat_sysinfo_235 =       fma cx16 xtpr pdcm pcid sse4_1 sse4_2 x2apic movbe popcnt tsc_deadline_timer aes
notes_plat_sysinfo_240 =       xsave avx f16c rdrand lahf_lm abm 3dnowprefetch epb intel_pt tpr_shadow vnmi
notes_plat_sysinfo_245 =       flexpriority ept vpid fsgsbase tsc_adjust bmi1 hle avx2 smep bmi2 erms invpcid rtm
notes_plat_sysinfo_250 =       mpx rdseed adx smap clflushopt xsaveopt xsavec xgetbv1 dtherm arat pln pts hwp
notes_plat_sysinfo_255 =       hwp_notify hwp_act_window hwp_epp
notes_plat_sysinfo_260 = 
notes_plat_sysinfo_265 =  /proc/cpuinfo cache data
notes_plat_sysinfo_270 =     cache size : 8192 KB
notes_plat_sysinfo_275 = 
notes_plat_sysinfo_280 =  From numactl --hardware  WARNING: a numactl 'node' might or might not correspond to a
notes_plat_sysinfo_285 =  physical chip.
notes_plat_sysinfo_290 =    available: 1 nodes (0)
notes_plat_sysinfo_295 =    node 0 cpus: 0 1 2 3
notes_plat_sysinfo_300 =    node 0 size: 7687 MB
notes_plat_sysinfo_305 =    node 0 free: 7223 MB
notes_plat_sysinfo_310 =    node distances:
notes_plat_sysinfo_315 =    node   0
notes_plat_sysinfo_320 =      0:  10
notes_plat_sysinfo_325 = 
notes_plat_sysinfo_330 =  From /proc/meminfo
notes_plat_sysinfo_335 =     MemTotal:        7872084 kB
notes_plat_sysinfo_340 =     HugePages_Total:       0
notes_plat_sysinfo_345 =     Hugepagesize:       2048 kB
notes_plat_sysinfo_350 = 
notes_plat_sysinfo_355 =  /usr/bin/lsb_release -d
notes_plat_sysinfo_360 =     Ubuntu 16.04.3 LTS
notes_plat_sysinfo_365 = 
notes_plat_sysinfo_370 =  From /etc/*release* /etc/*version*
notes_plat_sysinfo_375 =     debian_version: stretch/sid
notes_plat_sysinfo_380 =     os-release:
notes_plat_sysinfo_385 =        NAME="Ubuntu"
notes_plat_sysinfo_390 =        VERSION="16.04.3 LTS (Xenial Xerus)"
notes_plat_sysinfo_395 =        ID=ubuntu
notes_plat_sysinfo_400 =        ID_LIKE=debian
notes_plat_sysinfo_405 =        PRETTY_NAME="Ubuntu 16.04.3 LTS"
notes_plat_sysinfo_410 =        VERSION_ID="16.04"
notes_plat_sysinfo_415 =        HOME_URL="http://www.ubuntu.com/"
notes_plat_sysinfo_420 =        SUPPORT_URL="http://help.ubuntu.com/"
notes_plat_sysinfo_425 = 
notes_plat_sysinfo_430 =  uname -a:
notes_plat_sysinfo_435 =     Linux freeze3 4.4.0-97-generic \#120-Ubuntu SMP Tue Sep 19 17:28:18 UTC 2017 x86_64
notes_plat_sysinfo_440 =     x86_64 x86_64 GNU/Linux
notes_plat_sysinfo_445 = 
notes_plat_sysinfo_450 =  run-level 3 Oct 29 18:30
notes_plat_sysinfo_455 = 
notes_plat_sysinfo_460 =  SPEC is set to: /mnt/freezedisk/speccpu2017-intptr
notes_plat_sysinfo_465 =     Filesystem     Type  Size  Used Avail Use% Mounted on
notes_plat_sysinfo_470 =     /dev/sdb1      ext4  939G  719G  173G  81% /mnt/freezedisk
notes_plat_sysinfo_475 = 
notes_plat_sysinfo_480 =  Additional information from dmidecode follows.  WARNING: Use caution when you interpret
notes_plat_sysinfo_485 =  this section. The 'dmidecode' program reads system data which is "intended to allow
notes_plat_sysinfo_490 =  hardware to be accurately determined", but the intent may not be met, as there are
notes_plat_sysinfo_495 =  frequent changes to hardware, firmware, and the "DMTF SMBIOS" standard.
notes_plat_sysinfo_500 = 
notes_plat_sysinfo_505 =  (End of data from sysinfo program)
notes_wrap_columns = 0
notes_wrap_indent =   
num              = 505
obiwan           = 
os_exe_ext       = 
output_format    = txt,html,cfg,pdf,csv
output_root      = 
outputdir        = output
parallel_test    = 0
parallel_test_submit = 0
parallel_test_workloads = 
path             = /mnt/freezedisk/speccpu2017-intptr/benchspec/CPU/505.mcf_r
plain_train      = 1
platform         = 
power            = 0
preENV_LD_LIBRARY_PATH = /mnt/freezedisk/llvm-intptr-br2-correct2-release/lib
preENV_LIBRARY_PATH = /mnt/freezedisk/llvm-intptr-br2-correct2-release/lib
preENV_PATH      = /mnt/freezedisk/llvm-intptr-br2-correct2-release/bin:%{ENV_PATH}
preenv           = 0
prefix           = 
prepared_by      = sflab  (is never output, only tags rawfile)
ranks            = 1
rawhash_bits     = 256
rebuild          = 1
reftime          = reftime
reltol           = 
reportable       = 0
resultdir        = result
review           = 0
run              = all
runcpu           = /mnt/freezedisk/speccpu2017-intptr/bin/harness/runcpu --configfile linux64-amd64-clang-br2-correct2-o3-release.cfg --noreportable --rebuild --iterations 3 --noreportable --nopower --runmode rate --tune base --size refrate 505.mcf_r --nopreenv --note-preenv --logfile /mnt/freezedisk/speccpu2017-intptr/tmp/CPU2017.003/templogs/preenv.intrate.003.0 --lognum 003.0 --from_runcpu 2
rundir           = run
runmode          = rate
safe_eval        = 1
save_build_files = 
section_specifier_fatal = 1
setprocgroup     = 1
setup_error      = 0
sigint           = 2
size             = refrate
size_class       = ref
skipabstol       = 
skipobiwan       = 
skipreltol       = 
skiptol          = 
smarttune        = base
specdiff         = specdiff
specrun          = specinvoke
srcalt           = 
srcdir           = src
srcsource        = /mnt/freezedisk/speccpu2017-intptr/benchspec/CPU/505.mcf_r/src
stagger          = 10
strict_rundir_verify = 1
submit_default   = echo "$command" > run.sh ; $BIND bash run.sh
sw_avail         = 
sw_base_ptrsize  = 64-bit
sw_compiler001   = C/C++: Version 3.9.0 of Clang, the
sw_compiler002   = LLVM Compiler Infrastructure
sw_compiler003   = Fortran: Version 4.8.2 of GCC, the
sw_compiler004   = GNU Compiler Collection
sw_compiler005   = DragonEgg: Version 3.5.2, the
sw_compiler006   = LLVM Compiler Infrastructure
sw_file          = ext4
sw_os001         = Ubuntu 16.04.3 LTS
sw_os002         = 4.4.0-97-generic
sw_other         = 
sw_peak_ptrsize  = 64-bit
sw_state         = Run level 3 (add definition here)
sysinfo_hash_bits = 256
sysinfo_program  = specperl /mnt/freezedisk/speccpu2017-intptr/bin/sysinfo
sysinfo_program_hash = sysinfo:SHA:ecd2bef08f316af97f5a7768b641e2a3307c1b4b68efb5a57fa76367d790d233
table            = 1
teeout           = 0
test_date        = Nov-2017
test_sponsor     = My Corporation
tester           = My Corporation
threads          = 1
top              = /mnt/freezedisk/speccpu2017-intptr
train_single_thread = 0
train_with       = train
tune             = base
uid              = 1000
unbuffer         = 1
uncertainty_exception = 5
update           = 0
update_url       = http://www.spec.org/auto/cpu2017/updates/
use_submit_for_compare = 0
use_submit_for_speed = 0
username         = sflab
verbose          = 5
verify_binaries  = 1
version          = 0.905000
version_url      = http://www.spec.org/auto/cpu2017/current_version
voltage_range    = 
worklist         = list
OUTPUT_RMFILES   = inp.out mcf.out
  Compile for '505.mcf_r' started at: 2017-11-03 02:38:43 (1509691123)
Issuing make.clean command 'specmake --output-sync --jobs=8 clean'
Start make.clean command: 2017-11-03 02:38:43 (1509691123.21525)
rm -rf *.o  inp.out mcf.out
find . \( -name \*.o -o -name '*.fppized.f*' -o -name '*.i' -o -name '*.mod' \) -print | xargs rm -rf
rm -rf mcf_r
rm -rf mcf_r.exe
rm -rf core
Stop make.clean command: 2017-11-03 02:38:43 (1509691123.41222)
Elapsed time for make.clean command: 00:00:00 (0.196969032287598)
Issuing make command 'specmake --output-sync --jobs=8 build'
Start make command: 2017-11-03 02:38:43 (1509691123.41284)
/mnt/freezedisk/llvm-intptr-br2-correct2-release/bin/clang -m64 -c -o mcf.o -DSPEC -DNDEBUG  -Ispec_qsort -DSPEC_AUTO_SUPPRESS_OPENMP  -O3 -mavx              -DSPEC_LP64  mcf.c
/mnt/freezedisk/llvm-intptr-br2-correct2-release/bin/clang -m64 -c -o pstart.o -DSPEC -DNDEBUG  -Ispec_qsort -DSPEC_AUTO_SUPPRESS_OPENMP  -O3 -mavx              -DSPEC_LP64  pstart.c
/mnt/freezedisk/llvm-intptr-br2-correct2-release/bin/clang -m64 -c -o output.o -DSPEC -DNDEBUG  -Ispec_qsort -DSPEC_AUTO_SUPPRESS_OPENMP  -O3 -mavx              -DSPEC_LP64  output.c
/mnt/freezedisk/llvm-intptr-br2-correct2-release/bin/clang -m64 -c -o treeup.o -DSPEC -DNDEBUG  -Ispec_qsort -DSPEC_AUTO_SUPPRESS_OPENMP  -O3 -mavx              -DSPEC_LP64  treeup.c
/mnt/freezedisk/llvm-intptr-br2-correct2-release/bin/clang -m64 -c -o pbla.o -DSPEC -DNDEBUG  -Ispec_qsort -DSPEC_AUTO_SUPPRESS_OPENMP  -O3 -mavx              -DSPEC_LP64  pbla.c
/mnt/freezedisk/llvm-intptr-br2-correct2-release/bin/clang -m64 -c -o readmin.o -DSPEC -DNDEBUG  -Ispec_qsort -DSPEC_AUTO_SUPPRESS_OPENMP  -O3 -mavx              -DSPEC_LP64  readmin.c
/mnt/freezedisk/llvm-intptr-br2-correct2-release/bin/clang -m64 -c -o mcfutil.o -DSPEC -DNDEBUG  -Ispec_qsort -DSPEC_AUTO_SUPPRESS_OPENMP  -O3 -mavx              -DSPEC_LP64  mcfutil.c
/mnt/freezedisk/llvm-intptr-br2-correct2-release/bin/clang -m64 -c -o pflowup.o -DSPEC -DNDEBUG  -Ispec_qsort -DSPEC_AUTO_SUPPRESS_OPENMP  -O3 -mavx              -DSPEC_LP64  pflowup.c
/mnt/freezedisk/llvm-intptr-br2-correct2-release/bin/clang -m64 -c -o pbeampp.o -DSPEC -DNDEBUG  -Ispec_qsort -DSPEC_AUTO_SUPPRESS_OPENMP  -O3 -mavx              -DSPEC_LP64  pbeampp.c
/mnt/freezedisk/llvm-intptr-br2-correct2-release/bin/clang -m64 -c -o psimplex.o -DSPEC -DNDEBUG  -Ispec_qsort -DSPEC_AUTO_SUPPRESS_OPENMP  -O3 -mavx              -DSPEC_LP64  psimplex.c
/mnt/freezedisk/llvm-intptr-br2-correct2-release/bin/clang -m64 -c -o implicit.o -DSPEC -DNDEBUG  -Ispec_qsort -DSPEC_AUTO_SUPPRESS_OPENMP  -O3 -mavx              -DSPEC_LP64  implicit.c
/mnt/freezedisk/llvm-intptr-br2-correct2-release/bin/clang -m64 -c -o spec_qsort/spec_qsort.o -DSPEC -DNDEBUG  -Ispec_qsort -DSPEC_AUTO_SUPPRESS_OPENMP  -O3 -mavx              -DSPEC_LP64  spec_qsort/spec_qsort.c
/mnt/freezedisk/llvm-intptr-br2-correct2-release/bin/clang -m64  -z muldefs     -O3 -mavx   -z muldefs      mcf.o mcfutil.o readmin.o implicit.o pstart.o output.o treeup.o pbla.o pflowup.o psimplex.o pbeampp.o spec_qsort/spec_qsort.o             -lm         -o mcf_r  
Stop make command: 2017-11-03 02:38:44 (1509691124.70859)
Elapsed time for make command: 00:00:01 (1.29574608802795)
Issuing options command 'specmake --output-sync --jobs=8 options'
Start options command: 2017-11-03 02:38:44 (1509691124.70919)
COMP: "/mnt/freezedisk/llvm-intptr-br2-correct2-release/bin/clang -m64 -c -o options.o -DSPEC -DNDEBUG  -Ispec_qsort -DSPEC_AUTO_SUPPRESS_OPENMP  -O3 -mavx              -DSPEC_LP64  <source>"
C: CC="/mnt/freezedisk/llvm-intptr-br2-correct2-release/bin/clang -m64"
C: COBJOPT="-c -o options"
P: CPUFLAGS="-DSPEC -DNDEBUG"
P: BENCH_FLAGS=""
P: BENCH_CFLAGS="-Ispec_qsort -DSPEC_AUTO_SUPPRESS_OPENMP"
O: OPTIMIZE=""
O: COPTIMIZE="-O3 -mavx"
P: PORTABILITY=""
P: CPORTABILITY=""
O: EXTRA_CFLAGS=""
O: EXTRA_OPTIMIZE=""
O: EXTRA_COPTIMIZE=""
P: EXTRA_PORTABILITY="-DSPEC_LP64"
P: EXTRA_CPORTABILITY=""
LINK: "/mnt/freezedisk/llvm-intptr-br2-correct2-release/bin/clang -m64  -z muldefs     -O3 -mavx   -z muldefs      <objects>   -lm         -o options  "
C: LD="/mnt/freezedisk/llvm-intptr-br2-correct2-release/bin/clang -m64"
O: LDCFLAGS="-z muldefs"
O: COPTIMIZE="-O3 -mavx"
O: LDOPTIMIZE="-z muldefs"
C: MATH_LIBS="-lm"
C: LDOUT="-o options"
Stop options command: 2017-11-03 02:38:44 (1509691124.8786)
Elapsed time for options command: 00:00:00 (0.16941499710083)
Issuing compiler-version command 'specmake --output-sync --jobs=8 compiler-version'
Start compiler-version command: 2017-11-03 02:38:44 (1509691124.87937)
 CC_VERSION_OPTION:
clang version 6.0.0 (https://github.com/aqjune/clang-intptr.git b099f9b86954800bcbdee427fc703eb8a30389da) (https://github.com/aqjune/llvm-intptr.git 072bcfdd83ea02b321f72fca30d5a8384325de92)
Target: x86_64-unknown-linux-gnu
Thread model: posix
InstalledDir: /mnt/freezedisk/llvm-intptr-br2-correct2-release/bin
Found candidate GCC installation: /usr/lib/gcc/x86_64-linux-gnu/5
Found candidate GCC installation: /usr/lib/gcc/x86_64-linux-gnu/5.4.0
Found candidate GCC installation: /usr/lib/gcc/x86_64-linux-gnu/6
Found candidate GCC installation: /usr/lib/gcc/x86_64-linux-gnu/6.0.0
Selected GCC installation: /usr/lib/gcc/x86_64-linux-gnu/5.4.0
Candidate multilib: .;@m64
Selected multilib: .;@m64
clang-6.0: warning: argument unused during compilation: '-D SPEC' [-Wunused-command-line-argument]
clang-6.0: warning: argument unused during compilation: '-D NDEBUG' [-Wunused-command-line-argument]
clang-6.0: warning: argument unused during compilation: '-I spec_qsort' [-Wunused-command-line-argument]
clang-6.0: warning: argument unused during compilation: '-D SPEC_AUTO_SUPPRESS_OPENMP' [-Wunused-command-line-argument]
clang-6.0: warning: argument unused during compilation: '-O3' [-Wunused-command-line-argument]
clang-6.0: warning: argument unused during compilation: '-mavx' [-Wunused-command-line-argument]
clang-6.0: warning: argument unused during compilation: '-D SPEC_LP64' [-Wunused-command-line-argument]
Stop compiler-version command: 2017-11-03 02:38:45 (1509691125.0393)
Elapsed time for compiler-version command: 00:00:00 (0.159934997558594)
  Compile for '505.mcf_r' ended at: 2017-11-03 02:38:45 (1509691125)
  Elapsed compile for '505.mcf_r': 00:00:02 (2)
COMP: "/mnt/freezedisk/llvm-intptr-br2-correct2-release/bin/clang -m64 -c -o options.o -DSPEC -DNDEBUG  -Ispec_qsort -DSPEC_AUTO_SUPPRESS_OPENMP  -O3 -mavx              -DSPEC_LP64  <source>"
C: CC="/mnt/freezedisk/llvm-intptr-br2-correct2-release/bin/clang -m64"
C: COBJOPT="-c -o options"
P: CPUFLAGS="-DSPEC -DNDEBUG"
P: BENCH_FLAGS=""
P: BENCH_CFLAGS="-Ispec_qsort -DSPEC_AUTO_SUPPRESS_OPENMP"
O: OPTIMIZE=""
O: COPTIMIZE="-O3 -mavx"
P: PORTABILITY=""
P: CPORTABILITY=""
O: EXTRA_CFLAGS=""
O: EXTRA_OPTIMIZE=""
O: EXTRA_COPTIMIZE=""
P: EXTRA_PORTABILITY="-DSPEC_LP64"
P: EXTRA_CPORTABILITY=""
LINK: "/mnt/freezedisk/llvm-intptr-br2-correct2-release/bin/clang -m64  -z muldefs     -O3 -mavx   -z muldefs      <objects>   -lm         -o options  "
C: LD="/mnt/freezedisk/llvm-intptr-br2-correct2-release/bin/clang -m64"
O: LDCFLAGS="-z muldefs"
O: COPTIMIZE="-O3 -mavx"
O: LDOPTIMIZE="-z muldefs"
C: MATH_LIBS="-lm"
C: LDOUT="-o options"
 CC_VERSION_OPTION:
clang version 6.0.0 (https://github.com/aqjune/clang-intptr.git b099f9b86954800bcbdee427fc703eb8a30389da) (https://github.com/aqjune/llvm-intptr.git 072bcfdd83ea02b321f72fca30d5a8384325de92)
Target: x86_64-unknown-linux-gnu
Thread model: posix
InstalledDir: /mnt/freezedisk/llvm-intptr-br2-correct2-release/bin
Found candidate GCC installation: /usr/lib/gcc/x86_64-linux-gnu/5
Found candidate GCC installation: /usr/lib/gcc/x86_64-linux-gnu/5.4.0
Found candidate GCC installation: /usr/lib/gcc/x86_64-linux-gnu/6
Found candidate GCC installation: /usr/lib/gcc/x86_64-linux-gnu/6.0.0
Selected GCC installation: /usr/lib/gcc/x86_64-linux-gnu/5.4.0
Candidate multilib: .;@m64
Selected multilib: .;@m64
clang-6.0: warning: argument unused during compilation: '-D SPEC' [-Wunused-command-line-argument]
clang-6.0: warning: argument unused during compilation: '-D NDEBUG' [-Wunused-command-line-argument]
clang-6.0: warning: argument unused during compilation: '-I spec_qsort' [-Wunused-command-line-argument]
clang-6.0: warning: argument unused during compilation: '-D SPEC_AUTO_SUPPRESS_OPENMP' [-Wunused-command-line-argument]
clang-6.0: warning: argument unused during compilation: '-O3' [-Wunused-command-line-argument]
clang-6.0: warning: argument unused during compilation: '-mavx' [-Wunused-command-line-argument]
clang-6.0: warning: argument unused during compilation: '-D SPEC_LP64' [-Wunused-command-line-argument]

Build successes for intrate: 505.mcf_r(base)
Build errors for intrate: None

Setting Up Run Directories
  Setting up 505.mcf_r refrate (ref) base mytest-m64 (1 copy): run_base_refrate_mytest-m64.0000
-----------------------------------
Running Benchmarks
-----------------------------------
  Running (#1) 505.mcf_r refrate (ref) base mytest-m64 (1 copy) [2017-11-03 02:38:45]
OpenMP environment variables removed: None
OpenMP environment variables in effect:
	OMP_NUM_THREADS	=> '1'
	OMP_THREAD_LIMIT	=> '1'
Pre-run environment changes:
	'OMP_NUM_THREADS' added: (value now '1')
	'OMP_THREAD_LIMIT' added: (value now '1')
Commands to run (specinvoke command file):
    -N C
    -b numactl -m 0 --physcpubind=0
    -C /mnt/freezedisk/speccpu2017-intptr/benchspec/CPU/505.mcf_r/run/run_base_refrate_mytest-m64.0000
    -o inp.out -e inp.err echo "../run_base_refrate_mytest-m64.0000/mcf_r_base.mytest-m64 inp.in " > run.sh ; $BIND bash run.sh (timed)
Specinvoke: /mnt/freezedisk/speccpu2017-intptr/bin/specinvoke -d /mnt/freezedisk/speccpu2017-intptr/benchspec/CPU/505.mcf_r/run/run_base_refrate_mytest-m64.0000 -f speccmds.cmd -q -e speccmds.err -o speccmds.stdout
Issuing command '/mnt/freezedisk/speccpu2017-intptr/bin/specinvoke -d /mnt/freezedisk/speccpu2017-intptr/benchspec/CPU/505.mcf_r/run/run_base_refrate_mytest-m64.0000 -f speccmds.cmd -q -e speccmds.err -o speccmds.stdout'
Start command: 2017-11-03 02:38:45 (1509691125.46976)
Stop command: 2017-11-03 02:44:17 (1509691457.71622)
Elapsed time for command: 00:05:32 (332.246464014053)
Workload elapsed time (copy 0 workload 1) = 332.092693 seconds
Copy 0 of 505.mcf_r (base refrate) run 1 finished at 2017-11-03 02:44:17.  Total elapsed time: 332.092693
OpenMP environment variables removed: None
OpenMP environment variables in effect:
	OMP_NUM_THREADS	=> '1'
	OMP_THREAD_LIMIT	=> '1'
Pre-run environment changes:
	'OMP_NUM_THREADS' added: (value now '1')
	'OMP_THREAD_LIMIT' added: (value now '1')
comparing 'inp.out' with 
comparing 'mcf.out' with 
Specinvoke: /mnt/freezedisk/speccpu2017-intptr/bin/specinvoke -d /mnt/freezedisk/speccpu2017-intptr/benchspec/CPU/505.mcf_r/run/run_base_refrate_mytest-m64.0000 -f compare.cmd -E -e compare.err -o compare.stdout
Issuing command '/mnt/freezedisk/speccpu2017-intptr/bin/specinvoke -d /mnt/freezedisk/speccpu2017-intptr/benchspec/CPU/505.mcf_r/run/run_base_refrate_mytest-m64.0000 -f compare.cmd -E -e compare.err -o compare.stdout'
Start command: 2017-11-03 02:44:17 (1509691457.74421)
Stop command: 2017-11-03 02:44:18 (1509691458.10247)
Elapsed time for command: 00:00:00 (0.358257055282593)
Benchmark Times:
  Run Start:    2017-11-03 02:38:45 (1509691125)
  Rate Start:   2017-11-03 02:38:45 (1509691125.47199)
  Rate End:     2017-11-03 02:44:17 (1509691457.56468)
  Run Stop:     2017-11-03 02:44:17 (1509691457)
  Run Elapsed:  00:05:32 (332)
  Run Reported: 00:05:32 (332 92692852 332.092693)
 Success 505.mcf_r base refrate ratio=4.87, runtime=332.092693, copies=1, threads=1, power=0.00W, temp=0.00 degC, humidity=0.00%
-----------------------------------
  Running (#2) 505.mcf_r refrate (ref) base mytest-m64 (1 copy) [2017-11-03 02:44:18]
OpenMP environment variables removed: None
OpenMP environment variables in effect:
	OMP_NUM_THREADS	=> '1'
	OMP_THREAD_LIMIT	=> '1'
Pre-run environment changes:
	'OMP_NUM_THREADS' added: (value now '1')
	'OMP_THREAD_LIMIT' added: (value now '1')
Commands to run (specinvoke command file):
    -N C
    -b numactl -m 0 --physcpubind=0
    -C /mnt/freezedisk/speccpu2017-intptr/benchspec/CPU/505.mcf_r/run/run_base_refrate_mytest-m64.0000
    -o inp.out -e inp.err echo "../run_base_refrate_mytest-m64.0000/mcf_r_base.mytest-m64 inp.in " > run.sh ; $BIND bash run.sh (timed)
Specinvoke: /mnt/freezedisk/speccpu2017-intptr/bin/specinvoke -d /mnt/freezedisk/speccpu2017-intptr/benchspec/CPU/505.mcf_r/run/run_base_refrate_mytest-m64.0000 -f speccmds.cmd -q -e speccmds.err -o speccmds.stdout
Issuing command '/mnt/freezedisk/speccpu2017-intptr/bin/specinvoke -d /mnt/freezedisk/speccpu2017-intptr/benchspec/CPU/505.mcf_r/run/run_base_refrate_mytest-m64.0000 -f speccmds.cmd -q -e speccmds.err -o speccmds.stdout'
Start command: 2017-11-03 02:44:18 (1509691458.1514)
Stop command: 2017-11-03 02:49:49 (1509691789.35451)
Elapsed time for command: 00:05:31 (331.20310997963)
Workload elapsed time (copy 0 workload 1) = 331.049298 seconds
Copy 0 of 505.mcf_r (base refrate) run 2 finished at 2017-11-03 02:49:49.  Total elapsed time: 331.049298
OpenMP environment variables removed: None
OpenMP environment variables in effect:
	OMP_NUM_THREADS	=> '1'
	OMP_THREAD_LIMIT	=> '1'
Pre-run environment changes:
	'OMP_NUM_THREADS' added: (value now '1')
	'OMP_THREAD_LIMIT' added: (value now '1')
comparing 'inp.out' with 
comparing 'mcf.out' with 
Specinvoke: /mnt/freezedisk/speccpu2017-intptr/bin/specinvoke -d /mnt/freezedisk/speccpu2017-intptr/benchspec/CPU/505.mcf_r/run/run_base_refrate_mytest-m64.0000 -f compare.cmd -E -e compare.err -o compare.stdout
Issuing command '/mnt/freezedisk/speccpu2017-intptr/bin/specinvoke -d /mnt/freezedisk/speccpu2017-intptr/benchspec/CPU/505.mcf_r/run/run_base_refrate_mytest-m64.0000 -f compare.cmd -E -e compare.err -o compare.stdout'
Start command: 2017-11-03 02:49:49 (1509691789.38037)
Stop command: 2017-11-03 02:49:49 (1509691789.73451)
Elapsed time for command: 00:00:00 (0.354135990142822)
Benchmark Times:
  Run Start:    2017-11-03 02:44:18 (1509691458)
  Rate Start:   2017-11-03 02:44:18 (1509691458.15363)
  Rate End:     2017-11-03 02:49:49 (1509691789.20292)
  Run Stop:     2017-11-03 02:49:49 (1509691789)
  Run Elapsed:  00:05:31 (331)
  Run Reported: 00:05:31 (331 49298048 331.049298)
 Success 505.mcf_r base refrate ratio=4.88, runtime=331.049298, copies=1, threads=1, power=0.00W, temp=0.00 degC, humidity=0.00%
-----------------------------------
  Running (#3) 505.mcf_r refrate (ref) base mytest-m64 (1 copy) [2017-11-03 02:49:49]
OpenMP environment variables removed: None
OpenMP environment variables in effect:
	OMP_NUM_THREADS	=> '1'
	OMP_THREAD_LIMIT	=> '1'
Pre-run environment changes:
	'OMP_NUM_THREADS' added: (value now '1')
	'OMP_THREAD_LIMIT' added: (value now '1')
Commands to run (specinvoke command file):
    -N C
    -b numactl -m 0 --physcpubind=0
    -C /mnt/freezedisk/speccpu2017-intptr/benchspec/CPU/505.mcf_r/run/run_base_refrate_mytest-m64.0000
    -o inp.out -e inp.err echo "../run_base_refrate_mytest-m64.0000/mcf_r_base.mytest-m64 inp.in " > run.sh ; $BIND bash run.sh (timed)
Specinvoke: /mnt/freezedisk/speccpu2017-intptr/bin/specinvoke -d /mnt/freezedisk/speccpu2017-intptr/benchspec/CPU/505.mcf_r/run/run_base_refrate_mytest-m64.0000 -f speccmds.cmd -q -e speccmds.err -o speccmds.stdout
Issuing command '/mnt/freezedisk/speccpu2017-intptr/bin/specinvoke -d /mnt/freezedisk/speccpu2017-intptr/benchspec/CPU/505.mcf_r/run/run_base_refrate_mytest-m64.0000 -f speccmds.cmd -q -e speccmds.err -o speccmds.stdout'
Start command: 2017-11-03 02:49:49 (1509691789.7832)
Stop command: 2017-11-03 02:55:20 (1509692120.81047)
Elapsed time for command: 00:05:31 (331.027270078659)
Workload elapsed time (copy 0 workload 1) = 330.873476 seconds
Copy 0 of 505.mcf_r (base refrate) run 3 finished at 2017-11-03 02:55:20.  Total elapsed time: 330.873476
OpenMP environment variables removed: None
OpenMP environment variables in effect:
	OMP_NUM_THREADS	=> '1'
	OMP_THREAD_LIMIT	=> '1'
Pre-run environment changes:
	'OMP_NUM_THREADS' added: (value now '1')
	'OMP_THREAD_LIMIT' added: (value now '1')
comparing 'inp.out' with 
comparing 'mcf.out' with 
Specinvoke: /mnt/freezedisk/speccpu2017-intptr/bin/specinvoke -d /mnt/freezedisk/speccpu2017-intptr/benchspec/CPU/505.mcf_r/run/run_base_refrate_mytest-m64.0000 -f compare.cmd -E -e compare.err -o compare.stdout
Issuing command '/mnt/freezedisk/speccpu2017-intptr/bin/specinvoke -d /mnt/freezedisk/speccpu2017-intptr/benchspec/CPU/505.mcf_r/run/run_base_refrate_mytest-m64.0000 -f compare.cmd -E -e compare.err -o compare.stdout'
Start command: 2017-11-03 02:55:20 (1509692120.83624)
Stop command: 2017-11-03 02:55:21 (1509692121.19011)
Elapsed time for command: 00:00:00 (0.353866815567017)
Benchmark Times:
  Run Start:    2017-11-03 02:49:49 (1509691789)
  Rate Start:   2017-11-03 02:49:49 (1509691789.78541)
  Rate End:     2017-11-03 02:55:20 (1509692120.65889)
  Run Stop:     2017-11-03 02:55:20 (1509692120)
  Run Elapsed:  00:05:31 (331)
  Run Reported: 00:05:30 (330 873476028 330.873476)
 Success 505.mcf_r base refrate ratio=4.88, runtime=330.873476, copies=1, threads=1, power=0.00W, temp=0.00 degC, humidity=0.00%
Success: 3x505.mcf_r
Producing Raw Reports
 label: mytest-m64
  workload: refrate (ref)
   benchset: intspeed
   benchset: intrate
   metric: SPECrate2017_int_base
    format: raw -> /mnt/freezedisk/speccpu2017-intptr/result/CPU2017.003.intrate.refrate.rsf
Parsing flags for 505.mcf_r base: done
Doing flag reduction: done
    format: flags -> /mnt/freezedisk/speccpu2017-intptr/result/CPU2017.003.intrate.refrate.flags.html
    format: cfg -> /mnt/freezedisk/speccpu2017-intptr/result/CPU2017.003.intrate.refrate.cfg, /mnt/freezedisk/speccpu2017-intptr/result/CPU2017.003.intrate.refrate.orig.cfg
    format: CSV -> /mnt/freezedisk/speccpu2017-intptr/result/CPU2017.003.intrate.refrate.csv
    format: PDF -> 
A line in your General Notes section is too long!

/mnt/freezedisk/speccpu2017-intptr/result/CPU2017.003.intrate.refrate.pdf
    format: HTML -> /mnt/freezedisk/speccpu2017-intptr/result/CPU2017.003.intrate.refrate.html
    format: Text -> /mnt/freezedisk/speccpu2017-intptr/result/CPU2017.003.intrate.refrate.txt
   benchset: fpspeed
   benchset: fprate
runcpu finished at 2017-11-03 02:55:23; 1002 total seconds elapsed
Info: file_tail(27332): file '/mnt/freezedisk/speccpu2017-intptr/tmp/CPU2017.003/templogs/preenv.intrate.003.0.debug' was removed and will no longer be followed.  No action is required.
The log for this run is in /mnt/freezedisk/speccpu2017-intptr/result/CPU2017.003.log

runcpu finished at 2017-11-03 02:55:24; 1003 total seconds elapsed
