runcpu v5825 started at 2017-11-03 03:58:28 on "freeze3"
runcpu is: /mnt/freezedisk/speccpu2017-intptr/bin/harness/runcpu
runcpu: runcpu --config linux64-amd64-clang-br2-correct2-o3-release.cfg --noreportable --rebuild --iterations 3 541.leela_r
toolset: linux-x86_64

Locating benchmarks...found 47 benchmarks in 53 benchsets.
Reading config file '/mnt/freezedisk/speccpu2017-intptr/config/linux64-amd64-clang-br2-correct2-o3-release.cfg'

1 configuration selected:

 Action    Run Mode   Workload     Report Type      Benchmarks
--------   --------   --------   ----------------   ---------------------------
validate   rate       refrate    SPECrate2017_int   541.leela_r                
-------------------------------------------------------------------------------

Setting up environment for running 541.leela_r...
Starting runcpu for 541.leela_r...
Running "specperl /mnt/freezedisk/speccpu2017-intptr/bin/sysinfo" to gather system information.
sysinfo: r5797 of 2017-06-14 (96c45e4568ad54c135fd618bcc091c0f)
sysinfo: Getting system information for Linux...
sysinfo: ...getting CPU info
sysinfo: ...getting info from numactl
sysinfo: ...getting memory info
sysinfo: ...getting OS info
sysinfo: ...getting disk info
sysinfo: ...trying to get DIMM info from dmidecode
Read 112 info lines from the sysinfo program.
Retrieving flags file (/mnt/freezedisk/speccpu2017-intptr/config/flags/gcc.xml)...
Retrieving flags file (/mnt/freezedisk/speccpu2017-intptr/config/flags/clang.xml)...
Verbosity = 5
Action    = validate
Tune      = base
Label     = mytest-m64
Size      = refrate
benchmarks= 541.leela_r
outputs   = txt,html,cfg,pdf,csv
username  = sflab
Environment settings:
LD_LIBRARY_PATH = "/mnt/freezedisk/llvm-intptr-br2-correct2-release/lib"
LIBRARY_PATH = "/mnt/freezedisk/llvm-intptr-br2-correct2-release/lib"
PATH = "/mnt/freezedisk/llvm-intptr-br2-correct2-release/bin:%{ENV_PATH}"

Benchmarks selected: 541.leela_r
When checking executables (/mnt/freezedisk/speccpu2017-intptr/benchspec/CPU/541.leela_r/exe/leela_r_base.mytest-m64), no checksums were
  found in the config file.  They will be installed after build.
When checking executables (/mnt/freezedisk/speccpu2017-intptr/benchspec/CPU/541.leela_r/exe/leela_r_base.mytest-m64), no checksums were
  found in the config file.  They will be installed after build.
Compiling Binaries
------------------------------------------------------------------------
  Building 541.leela_r base mytest-m64: (build_base_mytest-m64.0000) [2017-11-03 03:58:31]
Wrote to makefile '/mnt/freezedisk/speccpu2017-intptr/benchspec/CPU/541.leela_r/build/build_base_mytest-m64.0000/Makefile.deps':
# End dependencies
# These are the build dependencies
Wrote to makefile '/mnt/freezedisk/speccpu2017-intptr/benchspec/CPU/541.leela_r/build/build_base_mytest-m64.0000/Makefile.spec':
TUNE=base
LABEL=mytest-m64
NUMBER=541
NAME=leela_r
SOURCES= FullBoard.cpp KoState.cpp Playout.cpp TimeControl.cpp \
	 UCTSearch.cpp GameState.cpp Leela.cpp SGFParser.cpp Timing.cpp Utils.cpp \
	 FastBoard.cpp Matcher.cpp SGFTree.cpp TTable.cpp Zobrist.cpp \
	 FastState.cpp GTP.cpp MCOTable.cpp Random.cpp SMP.cpp UCTNode.cpp
EXEBASE=leela_r
NEED_MATH=
BENCHLANG=CXX
BASE_DIR         = /mnt/freezedisk
BENCH_FLAGS      = -I. -DSPEC_AUTO_SUPPRESS_OPENMP
CC               = $(LLVM_BIN_PATH)/clang -m64
CC_VERSION_OPTION = -v
CLD              = $(LLVM_BIN_PATH)/clang -m64
COPTIMIZE        = -O3 -mavx
CXX              = $(LLVM_BIN_PATH)/clang++ -m64
CXXOPTIMIZE      = -O3 -mavx
CXX_VERSION_OPTION = -v
DRAGONEGG_PATH   = /mnt/freezedisk/llvm-intptr-br2-correct2-release/dragonegg
DRAGONEGG_SPECS  = /mnt/freezedisk/llvm-intptr-br2-correct2-release/dragonegg/integrated-as.specs
EXTRA_FFLAGS     = 
EXTRA_FLIBS      = -lgfortran -lm
EXTRA_PORTABILITY = -DSPEC_LP64
FC               = $(FORTRAN_COMP) -m64
FC_VERSION_OPTION = -v
FLD              = $(LLVM_BIN_PATH)/clang -m64
FOPTIMIZE        = -O3 -mavx -funroll-loops
FORTRAN_COMP     = $(GFORTRAN_DIR)/gfortran
GFORTRAN_DIR     = /usr/bin
LDCFLAGS         = -z muldefs
LDOPTIMIZE       = -z muldefs
LLVM_BIN_PATH    = /mnt/freezedisk/llvm-intptr-br2-correct2-release/bin
LLVM_GCC_DIR     = /mnt/freezedisk/llvm-intptr-br2-correct2-release/gcc-4.8.2
LLVM_INCLUDE_PATH = /mnt/freezedisk/llvm-intptr-br2-correct2-release/include
LLVM_LIB_PATH    = /mnt/freezedisk/llvm-intptr-br2-correct2-release/lib
LLVM_PATH        = /mnt/freezedisk/llvm-intptr-br2-correct2-release
LLVM_ROOT_PATH   = /mnt/freezedisk/llvm-intptr-br2-correct2-release
OPENMP_DIR       = /mnt/freezedisk/lib/libomp_oss/exports
OS               = unix
absolutely_no_locking = 0
abstol           = 
action           = validate
allow_label_override = 0
backup_config    = 1
baseexe          = leela_r
basepeak         = 0
benchdir         = benchspec
benchmark        = 541.leela_r
binary           = 
bindir           = exe
builddir         = build
bundleaction     = 
bundlename       = 
calctol          = 1
changedhash      = 0
check_version    = 0
clean_between_builds = no
command_add_redirect = 0
commanderrfile   = speccmds.err
commandexe       = leela_r_base.mytest-m64
commandfile      = speccmds.cmd
commandoutfile   = speccmds.out
commandstdoutfile = speccmds.stdout
comparedir       = compare
compareerrfile   = compare.err
comparefile      = compare.cmd
compareoutfile   = compare.out
comparestdoutfile = compare.stdout
compile_error    = 0
compwhite        = 
configdir        = config
configfile       = linux64-amd64-clang-br2-correct2-o3-release.cfg
configpath       = /mnt/freezedisk/speccpu2017-intptr/config/linux64-amd64-clang-br2-correct2-o3-release.cfg
copies           = 1
current_range    = 
datadir          = data
default_size     = ref
default_submit   = $command
delay            = 0
deletebinaries   = 0
deletework       = 0
dependent_workloads = 0
device           = 
difflines        = 10
dirprot          = 511
discard_power_samples = 0
enable_monitor   = 1
endian           = 12345678
env_vars         = 0
expand_notes     = 0
expid            = 
exthash_bits     = 256
failflags        = 0
fake             = 0
feedback         = 1
flag_url_base    = https://www.spec.org/auto/cpu2017/Docs/benchmarks/flags/
floatcompare     = 
force_monitor    = 0
from_runcpu      = 2
fw_bios          = 
hostname         = freeze3
http_proxy       = 
http_timeout     = 30
hw_avail         = 
hw_cpu_max_mhz   = 
hw_cpu_name      = Intel Core i7-7700
hw_cpu_nominal_mhz = 
hw_disk          = 939 GB  add more disk info here
hw_memory001     = 7.507 GB fixme: If using DDR3, format is:
hw_memory002     = 'N GB (M x N GB nRxn PCn-nnnnnR-n, ECC)'
hw_model         = 
hw_nchips        = 1
hw_ncores        = 
hw_ncpuorder     = 
hw_nthreadspercore = 
hw_ocache        = 
hw_other         = 
hw_pcache        = 
hw_scache        = 
hw_tcache        = 
hw_vendor        = My Corporation
idle_current_range = 
idledelay        = 10
idleduration     = 60
ignore_errors    = 1
ignore_sigint    = 0
ignorecase       = 
info_wrap_columns = 50
inputdir         = input
inputgenerrfile  = inputgen.err
inputgenfile     = inputgen.cmd
inputgenoutfile  = inputgen.out
inputgenstdoutfile = inputgen.stdout
iteration        = -1
iterations       = 3
keeptmp          = 0
label            = mytest-m64
license_num      = nnn (Your SPEC license number)
line_width       = 1020
link_input_files = 1
locking          = 1
log              = CPU2017
log_line_width   = 1020
log_timestamp    = 0
logfile          = /mnt/freezedisk/speccpu2017-intptr/tmp/CPU2017.008/templogs/preenv.intrate.008.0
logname          = /mnt/freezedisk/speccpu2017-intptr/tmp/CPU2017.008/templogs/preenv.intrate.008.0
lognum           = 008.0
mail_reports     = all
mailcompress     = 0
mailmethod       = smtp
mailport         = 25
mailserver       = 127.0.0.1
mailto           = 
make             = specmake
make_no_clobber  = 0
makefile_template = Makefile.YYYtArGeTYYYspec
makeflags        = --jobs=8
max_average_uncertainty = 1
max_hum_limit    = 0
max_report_runs  = 3
max_unknown_uncertainty = 1
mean_anyway      = 1
meter_connect_timeout = 30
meter_errors_default = 5
meter_errors_percentage = 5
min_report_runs  = 2
min_temp_limit   = 20
minimize_builddirs = 0
minimize_rundirs = 0
name             = leela_r
nansupport       = 
need_math        = 
no_input_handler = close
no_monitor       = 
noratios         = 0
note_preenv      = 1
notes_plat_sysinfo_000 =  Sysinfo program /mnt/freezedisk/speccpu2017-intptr/bin/sysinfo
notes_plat_sysinfo_005 =  Rev: r5797 of 2017-06-14 96c45e4568ad54c135fd618bcc091c0f
notes_plat_sysinfo_010 =  running on freeze3 Fri Nov  3 03:58:29 2017
notes_plat_sysinfo_015 = 
notes_plat_sysinfo_020 =  SUT (System Under Test) info as seen by some common utilities.
notes_plat_sysinfo_025 =  For more information on this section, see
notes_plat_sysinfo_030 =     https://www.spec.org/cpu2017/Docs/config.html\#sysinfo
notes_plat_sysinfo_035 = 
notes_plat_sysinfo_040 =  From /proc/cpuinfo
notes_plat_sysinfo_045 =     model name : Intel(R) Core(TM) i7-7700 CPU @ 3.60GHz
notes_plat_sysinfo_050 =        1  "physical id"s (chips)
notes_plat_sysinfo_055 =        4 "processors"
notes_plat_sysinfo_060 =     cores, siblings (Caution: counting these is hw and system dependent. The following
notes_plat_sysinfo_065 =     excerpts from /proc/cpuinfo might not be reliable.  Use with caution.)
notes_plat_sysinfo_070 =        cpu cores : 4
notes_plat_sysinfo_075 =        siblings  : 4
notes_plat_sysinfo_080 =        physical 0: cores 0 1 2 3
notes_plat_sysinfo_085 = 
notes_plat_sysinfo_090 =  From lscpu:
notes_plat_sysinfo_095 =       Architecture:          x86_64
notes_plat_sysinfo_100 =       CPU op-mode(s):        32-bit, 64-bit
notes_plat_sysinfo_105 =       Byte Order:            Little Endian
notes_plat_sysinfo_110 =       CPU(s):                4
notes_plat_sysinfo_115 =       On-line CPU(s) list:   0-3
notes_plat_sysinfo_120 =       Thread(s) per core:    1
notes_plat_sysinfo_125 =       Core(s) per socket:    4
notes_plat_sysinfo_130 =       Socket(s):             1
notes_plat_sysinfo_135 =       NUMA node(s):          1
notes_plat_sysinfo_140 =       Vendor ID:             GenuineIntel
notes_plat_sysinfo_145 =       CPU family:            6
notes_plat_sysinfo_150 =       Model:                 158
notes_plat_sysinfo_155 =       Model name:            Intel(R) Core(TM) i7-7700 CPU @ 3.60GHz
notes_plat_sysinfo_160 =       Stepping:              9
notes_plat_sysinfo_165 =       CPU MHz:               3575.390
notes_plat_sysinfo_170 =       CPU max MHz:           4200.0000
notes_plat_sysinfo_175 =       CPU min MHz:           800.0000
notes_plat_sysinfo_180 =       BogoMIPS:              7199.62
notes_plat_sysinfo_185 =       Virtualization:        VT-x
notes_plat_sysinfo_190 =       L1d cache:             32K
notes_plat_sysinfo_195 =       L1i cache:             32K
notes_plat_sysinfo_200 =       L2 cache:              256K
notes_plat_sysinfo_205 =       L3 cache:              8192K
notes_plat_sysinfo_210 =       NUMA node0 CPU(s):     0-3
notes_plat_sysinfo_215 =       Flags:                 fpu vme de pse tsc msr pae mce cx8 apic sep mtrr pge mca cmov
notes_plat_sysinfo_220 =       pat pse36 clflush dts acpi mmx fxsr sse sse2 ss ht tm pbe syscall nx pdpe1gb rdtscp
notes_plat_sysinfo_225 =       lm constant_tsc art arch_perfmon pebs bts rep_good nopl xtopology nonstop_tsc
notes_plat_sysinfo_230 =       aperfmperf eagerfpu pni pclmulqdq dtes64 monitor ds_cpl vmx smx est tm2 ssse3 sdbg
notes_plat_sysinfo_235 =       fma cx16 xtpr pdcm pcid sse4_1 sse4_2 x2apic movbe popcnt tsc_deadline_timer aes
notes_plat_sysinfo_240 =       xsave avx f16c rdrand lahf_lm abm 3dnowprefetch epb intel_pt tpr_shadow vnmi
notes_plat_sysinfo_245 =       flexpriority ept vpid fsgsbase tsc_adjust bmi1 hle avx2 smep bmi2 erms invpcid rtm
notes_plat_sysinfo_250 =       mpx rdseed adx smap clflushopt xsaveopt xsavec xgetbv1 dtherm arat pln pts hwp
notes_plat_sysinfo_255 =       hwp_notify hwp_act_window hwp_epp
notes_plat_sysinfo_260 = 
notes_plat_sysinfo_265 =  /proc/cpuinfo cache data
notes_plat_sysinfo_270 =     cache size : 8192 KB
notes_plat_sysinfo_275 = 
notes_plat_sysinfo_280 =  From numactl --hardware  WARNING: a numactl 'node' might or might not correspond to a
notes_plat_sysinfo_285 =  physical chip.
notes_plat_sysinfo_290 =    available: 1 nodes (0)
notes_plat_sysinfo_295 =    node 0 cpus: 0 1 2 3
notes_plat_sysinfo_300 =    node 0 size: 7687 MB
notes_plat_sysinfo_305 =    node 0 free: 7228 MB
notes_plat_sysinfo_310 =    node distances:
notes_plat_sysinfo_315 =    node   0
notes_plat_sysinfo_320 =      0:  10
notes_plat_sysinfo_325 = 
notes_plat_sysinfo_330 =  From /proc/meminfo
notes_plat_sysinfo_335 =     MemTotal:        7872084 kB
notes_plat_sysinfo_340 =     HugePages_Total:       0
notes_plat_sysinfo_345 =     Hugepagesize:       2048 kB
notes_plat_sysinfo_350 = 
notes_plat_sysinfo_355 =  /usr/bin/lsb_release -d
notes_plat_sysinfo_360 =     Ubuntu 16.04.3 LTS
notes_plat_sysinfo_365 = 
notes_plat_sysinfo_370 =  From /etc/*release* /etc/*version*
notes_plat_sysinfo_375 =     debian_version: stretch/sid
notes_plat_sysinfo_380 =     os-release:
notes_plat_sysinfo_385 =        NAME="Ubuntu"
notes_plat_sysinfo_390 =        VERSION="16.04.3 LTS (Xenial Xerus)"
notes_plat_sysinfo_395 =        ID=ubuntu
notes_plat_sysinfo_400 =        ID_LIKE=debian
notes_plat_sysinfo_405 =        PRETTY_NAME="Ubuntu 16.04.3 LTS"
notes_plat_sysinfo_410 =        VERSION_ID="16.04"
notes_plat_sysinfo_415 =        HOME_URL="http://www.ubuntu.com/"
notes_plat_sysinfo_420 =        SUPPORT_URL="http://help.ubuntu.com/"
notes_plat_sysinfo_425 = 
notes_plat_sysinfo_430 =  uname -a:
notes_plat_sysinfo_435 =     Linux freeze3 4.4.0-97-generic \#120-Ubuntu SMP Tue Sep 19 17:28:18 UTC 2017 x86_64
notes_plat_sysinfo_440 =     x86_64 x86_64 GNU/Linux
notes_plat_sysinfo_445 = 
notes_plat_sysinfo_450 =  run-level 3 Oct 29 18:30
notes_plat_sysinfo_455 = 
notes_plat_sysinfo_460 =  SPEC is set to: /mnt/freezedisk/speccpu2017-intptr
notes_plat_sysinfo_465 =     Filesystem     Type  Size  Used Avail Use% Mounted on
notes_plat_sysinfo_470 =     /dev/sdb1      ext4  939G  719G  173G  81% /mnt/freezedisk
notes_plat_sysinfo_475 = 
notes_plat_sysinfo_480 =  Additional information from dmidecode follows.  WARNING: Use caution when you interpret
notes_plat_sysinfo_485 =  this section. The 'dmidecode' program reads system data which is "intended to allow
notes_plat_sysinfo_490 =  hardware to be accurately determined", but the intent may not be met, as there are
notes_plat_sysinfo_495 =  frequent changes to hardware, firmware, and the "DMTF SMBIOS" standard.
notes_plat_sysinfo_500 = 
notes_plat_sysinfo_505 =  (End of data from sysinfo program)
notes_wrap_columns = 0
notes_wrap_indent =   
num              = 541
obiwan           = 
os_exe_ext       = 
output_format    = txt,html,cfg,pdf,csv
output_root      = 
outputdir        = output
parallel_test    = 0
parallel_test_submit = 0
parallel_test_workloads = 
path             = /mnt/freezedisk/speccpu2017-intptr/benchspec/CPU/541.leela_r
plain_train      = 1
platform         = 
power            = 0
preENV_LD_LIBRARY_PATH = /mnt/freezedisk/llvm-intptr-br2-correct2-release/lib
preENV_LIBRARY_PATH = /mnt/freezedisk/llvm-intptr-br2-correct2-release/lib
preENV_PATH      = /mnt/freezedisk/llvm-intptr-br2-correct2-release/bin:%{ENV_PATH}
preenv           = 0
prefix           = 
prepared_by      = sflab  (is never output, only tags rawfile)
ranks            = 1
rawhash_bits     = 256
rebuild          = 1
reftime          = reftime
reltol           = 
reportable       = 0
resultdir        = result
review           = 0
run              = all
runcpu           = /mnt/freezedisk/speccpu2017-intptr/bin/harness/runcpu --configfile linux64-amd64-clang-br2-correct2-o3-release.cfg --noreportable --rebuild --iterations 3 --noreportable --nopower --runmode rate --tune base --size refrate 541.leela_r --nopreenv --note-preenv --logfile /mnt/freezedisk/speccpu2017-intptr/tmp/CPU2017.008/templogs/preenv.intrate.008.0 --lognum 008.0 --from_runcpu 2
rundir           = run
runmode          = rate
safe_eval        = 1
save_build_files = 
section_specifier_fatal = 1
setprocgroup     = 1
setup_error      = 0
sigint           = 2
size             = refrate
size_class       = ref
skipabstol       = 
skipobiwan       = 
skipreltol       = 
skiptol          = 
smarttune        = base
specdiff         = specdiff
specrun          = specinvoke
srcalt           = 
srcdir           = src
srcsource        = /mnt/freezedisk/speccpu2017-intptr/benchspec/CPU/541.leela_r/src
stagger          = 10
strict_rundir_verify = 1
submit_default   = echo "$command" > run.sh ; $BIND bash run.sh
sw_avail         = 
sw_base_ptrsize  = 64-bit
sw_compiler001   = C/C++: Version 3.9.0 of Clang, the
sw_compiler002   = LLVM Compiler Infrastructure
sw_compiler003   = Fortran: Version 4.8.2 of GCC, the
sw_compiler004   = GNU Compiler Collection
sw_compiler005   = DragonEgg: Version 3.5.2, the
sw_compiler006   = LLVM Compiler Infrastructure
sw_file          = ext4
sw_os001         = Ubuntu 16.04.3 LTS
sw_os002         = 4.4.0-97-generic
sw_other         = 
sw_peak_ptrsize  = 64-bit
sw_state         = Run level 3 (add definition here)
sysinfo_hash_bits = 256
sysinfo_program  = specperl /mnt/freezedisk/speccpu2017-intptr/bin/sysinfo
sysinfo_program_hash = sysinfo:SHA:ecd2bef08f316af97f5a7768b641e2a3307c1b4b68efb5a57fa76367d790d233
table            = 1
teeout           = 0
test_date        = Nov-2017
test_sponsor     = My Corporation
tester           = My Corporation
threads          = 1
top              = /mnt/freezedisk/speccpu2017-intptr
train_single_thread = 0
train_with       = train
tune             = base
uid              = 1000
unbuffer         = 1
uncertainty_exception = 5
update           = 0
update_url       = http://www.spec.org/auto/cpu2017/updates/
use_submit_for_compare = 0
use_submit_for_speed = 0
username         = sflab
verbose          = 5
verify_binaries  = 1
version          = 0.905000
version_url      = http://www.spec.org/auto/cpu2017/current_version
voltage_range    = 
worklist         = list
OUTPUT_RMFILES   = train.out
  Compile for '541.leela_r' started at: 2017-11-03 03:58:31 (1509695911)
Issuing make.clean command 'specmake --output-sync --jobs=8 clean'
Start make.clean command: 2017-11-03 03:58:31 (1509695911.21798)
rm -rf *.o  train.out
find . \( -name \*.o -o -name '*.fppized.f*' -o -name '*.i' -o -name '*.mod' \) -print | xargs rm -rf
rm -rf leela_r
rm -rf leela_r.exe
rm -rf core
Stop make.clean command: 2017-11-03 03:58:31 (1509695911.4152)
Elapsed time for make.clean command: 00:00:00 (0.197211980819702)
Issuing make command 'specmake --output-sync --jobs=8 build'
Start make command: 2017-11-03 03:58:31 (1509695911.41581)
/mnt/freezedisk/llvm-intptr-br2-correct2-release/bin/clang++ -m64 -c -o TimeControl.o -DSPEC -DNDEBUG -I. -DSPEC_AUTO_SUPPRESS_OPENMP   -O3 -mavx        -DSPEC_LP64  TimeControl.cpp
/mnt/freezedisk/llvm-intptr-br2-correct2-release/bin/clang++ -m64 -c -o Playout.o -DSPEC -DNDEBUG -I. -DSPEC_AUTO_SUPPRESS_OPENMP   -O3 -mavx        -DSPEC_LP64  Playout.cpp
/mnt/freezedisk/llvm-intptr-br2-correct2-release/bin/clang++ -m64 -c -o Timing.o -DSPEC -DNDEBUG -I. -DSPEC_AUTO_SUPPRESS_OPENMP   -O3 -mavx        -DSPEC_LP64  Timing.cpp
/mnt/freezedisk/llvm-intptr-br2-correct2-release/bin/clang++ -m64 -c -o FullBoard.o -DSPEC -DNDEBUG -I. -DSPEC_AUTO_SUPPRESS_OPENMP   -O3 -mavx        -DSPEC_LP64  FullBoard.cpp
/mnt/freezedisk/llvm-intptr-br2-correct2-release/bin/clang++ -m64 -c -o KoState.o -DSPEC -DNDEBUG -I. -DSPEC_AUTO_SUPPRESS_OPENMP   -O3 -mavx        -DSPEC_LP64  KoState.cpp
/mnt/freezedisk/llvm-intptr-br2-correct2-release/bin/clang++ -m64 -c -o Utils.o -DSPEC -DNDEBUG -I. -DSPEC_AUTO_SUPPRESS_OPENMP   -O3 -mavx        -DSPEC_LP64  Utils.cpp
/mnt/freezedisk/llvm-intptr-br2-correct2-release/bin/clang++ -m64 -c -o UCTSearch.o -DSPEC -DNDEBUG -I. -DSPEC_AUTO_SUPPRESS_OPENMP   -O3 -mavx        -DSPEC_LP64  UCTSearch.cpp
/mnt/freezedisk/llvm-intptr-br2-correct2-release/bin/clang++ -m64 -c -o SGFParser.o -DSPEC -DNDEBUG -I. -DSPEC_AUTO_SUPPRESS_OPENMP   -O3 -mavx        -DSPEC_LP64  SGFParser.cpp
/mnt/freezedisk/llvm-intptr-br2-correct2-release/bin/clang++ -m64 -c -o GameState.o -DSPEC -DNDEBUG -I. -DSPEC_AUTO_SUPPRESS_OPENMP   -O3 -mavx        -DSPEC_LP64  GameState.cpp
/mnt/freezedisk/llvm-intptr-br2-correct2-release/bin/clang++ -m64 -c -o Leela.o -DSPEC -DNDEBUG -I. -DSPEC_AUTO_SUPPRESS_OPENMP   -O3 -mavx        -DSPEC_LP64  Leela.cpp
/mnt/freezedisk/llvm-intptr-br2-correct2-release/bin/clang++ -m64 -c -o Zobrist.o -DSPEC -DNDEBUG -I. -DSPEC_AUTO_SUPPRESS_OPENMP   -O3 -mavx        -DSPEC_LP64  Zobrist.cpp
/mnt/freezedisk/llvm-intptr-br2-correct2-release/bin/clang++ -m64 -c -o Matcher.o -DSPEC -DNDEBUG -I. -DSPEC_AUTO_SUPPRESS_OPENMP   -O3 -mavx        -DSPEC_LP64  Matcher.cpp
/mnt/freezedisk/llvm-intptr-br2-correct2-release/bin/clang++ -m64 -c -o SMP.o -DSPEC -DNDEBUG -I. -DSPEC_AUTO_SUPPRESS_OPENMP   -O3 -mavx        -DSPEC_LP64  SMP.cpp
/mnt/freezedisk/llvm-intptr-br2-correct2-release/bin/clang++ -m64 -c -o Random.o -DSPEC -DNDEBUG -I. -DSPEC_AUTO_SUPPRESS_OPENMP   -O3 -mavx        -DSPEC_LP64  Random.cpp
/mnt/freezedisk/llvm-intptr-br2-correct2-release/bin/clang++ -m64 -c -o TTable.o -DSPEC -DNDEBUG -I. -DSPEC_AUTO_SUPPRESS_OPENMP   -O3 -mavx        -DSPEC_LP64  TTable.cpp
/mnt/freezedisk/llvm-intptr-br2-correct2-release/bin/clang++ -m64 -c -o MCOTable.o -DSPEC -DNDEBUG -I. -DSPEC_AUTO_SUPPRESS_OPENMP   -O3 -mavx        -DSPEC_LP64  MCOTable.cpp
/mnt/freezedisk/llvm-intptr-br2-correct2-release/bin/clang++ -m64 -c -o SGFTree.o -DSPEC -DNDEBUG -I. -DSPEC_AUTO_SUPPRESS_OPENMP   -O3 -mavx        -DSPEC_LP64  SGFTree.cpp
/mnt/freezedisk/llvm-intptr-br2-correct2-release/bin/clang++ -m64 -c -o FastState.o -DSPEC -DNDEBUG -I. -DSPEC_AUTO_SUPPRESS_OPENMP   -O3 -mavx        -DSPEC_LP64  FastState.cpp
/mnt/freezedisk/llvm-intptr-br2-correct2-release/bin/clang++ -m64 -c -o UCTNode.o -DSPEC -DNDEBUG -I. -DSPEC_AUTO_SUPPRESS_OPENMP   -O3 -mavx        -DSPEC_LP64  UCTNode.cpp
/mnt/freezedisk/llvm-intptr-br2-correct2-release/bin/clang++ -m64 -c -o GTP.o -DSPEC -DNDEBUG -I. -DSPEC_AUTO_SUPPRESS_OPENMP   -O3 -mavx        -DSPEC_LP64  GTP.cpp
/mnt/freezedisk/llvm-intptr-br2-correct2-release/bin/clang++ -m64 -c -o FastBoard.o -DSPEC -DNDEBUG -I. -DSPEC_AUTO_SUPPRESS_OPENMP   -O3 -mavx        -DSPEC_LP64  FastBoard.cpp
/mnt/freezedisk/llvm-intptr-br2-correct2-release/bin/clang++ -m64       -O3 -mavx   -z muldefs      FullBoard.o KoState.o Playout.o TimeControl.o UCTSearch.o GameState.o Leela.o SGFParser.o Timing.o Utils.o FastBoard.o Matcher.o SGFTree.o TTable.o Zobrist.o FastState.o GTP.o MCOTable.o Random.o SMP.o UCTNode.o                      -o leela_r  
Stop make command: 2017-11-03 03:58:34 (1509695914.38559)
Elapsed time for make command: 00:00:02 (2.96977996826172)
Issuing options command 'specmake --output-sync --jobs=8 options'
Start options command: 2017-11-03 03:58:34 (1509695914.38621)
COMP: "/mnt/freezedisk/llvm-intptr-br2-correct2-release/bin/clang++ -m64 -c -o options.o -DSPEC -DNDEBUG -I. -DSPEC_AUTO_SUPPRESS_OPENMP   -O3 -mavx        -DSPEC_LP64  <source>"
C: CXXC="/mnt/freezedisk/llvm-intptr-br2-correct2-release/bin/clang++ -m64"
C: CXXOBJOPT="-c -o options"
P: CPUFLAGS="-DSPEC -DNDEBUG"
P: BENCH_FLAGS="-I. -DSPEC_AUTO_SUPPRESS_OPENMP"
P: BENCH_CXXFLAGS=""
O: OPTIMIZE=""
O: CXXOPTIMIZE="-O3 -mavx"
P: PORTABILITY=""
P: CXXPORTABILITY=""
O: EXTRA_CXXFLAGS=""
O: EXTRA_OPTIMIZE=""
O: EXTRA_CXXOPTIMIZE=""
P: EXTRA_PORTABILITY="-DSPEC_LP64"
P: EXTRA_CXXPORTABILITY=""
LINK: "/mnt/freezedisk/llvm-intptr-br2-correct2-release/bin/clang++ -m64       -O3 -mavx   -z muldefs      <objects>            -o options  "
C: LD="/mnt/freezedisk/llvm-intptr-br2-correct2-release/bin/clang++ -m64"
O: CXXOPTIMIZE="-O3 -mavx"
O: LDOPTIMIZE="-z muldefs"
C: LDOUT="-o options"
Stop options command: 2017-11-03 03:58:34 (1509695914.55659)
Elapsed time for options command: 00:00:00 (0.170377016067505)
Issuing compiler-version command 'specmake --output-sync --jobs=8 compiler-version'
Start compiler-version command: 2017-11-03 03:58:34 (1509695914.55738)
 CXXC_VERSION_OPTION:
clang version 6.0.0 (https://github.com/aqjune/clang-intptr.git b099f9b86954800bcbdee427fc703eb8a30389da) (https://github.com/aqjune/llvm-intptr.git 072bcfdd83ea02b321f72fca30d5a8384325de92)
Target: x86_64-unknown-linux-gnu
Thread model: posix
InstalledDir: /mnt/freezedisk/llvm-intptr-br2-correct2-release/bin
Found candidate GCC installation: /usr/lib/gcc/x86_64-linux-gnu/5
Found candidate GCC installation: /usr/lib/gcc/x86_64-linux-gnu/5.4.0
Found candidate GCC installation: /usr/lib/gcc/x86_64-linux-gnu/6
Found candidate GCC installation: /usr/lib/gcc/x86_64-linux-gnu/6.0.0
Selected GCC installation: /usr/lib/gcc/x86_64-linux-gnu/5.4.0
Candidate multilib: .;@m64
Selected multilib: .;@m64
clang-6.0: warning: argument unused during compilation: '-D SPEC' [-Wunused-command-line-argument]
clang-6.0: warning: argument unused during compilation: '-D NDEBUG' [-Wunused-command-line-argument]
clang-6.0: warning: argument unused during compilation: '-I .' [-Wunused-command-line-argument]
clang-6.0: warning: argument unused during compilation: '-D SPEC_AUTO_SUPPRESS_OPENMP' [-Wunused-command-line-argument]
clang-6.0: warning: argument unused during compilation: '-O3' [-Wunused-command-line-argument]
clang-6.0: warning: argument unused during compilation: '-mavx' [-Wunused-command-line-argument]
clang-6.0: warning: argument unused during compilation: '-D SPEC_LP64' [-Wunused-command-line-argument]
Stop compiler-version command: 2017-11-03 03:58:34 (1509695914.71739)
Elapsed time for compiler-version command: 00:00:00 (0.160000085830688)
  Compile for '541.leela_r' ended at: 2017-11-03 03:58:34 (1509695914)
  Elapsed compile for '541.leela_r': 00:00:03 (3)
COMP: "/mnt/freezedisk/llvm-intptr-br2-correct2-release/bin/clang++ -m64 -c -o options.o -DSPEC -DNDEBUG -I. -DSPEC_AUTO_SUPPRESS_OPENMP   -O3 -mavx        -DSPEC_LP64  <source>"
C: CXXC="/mnt/freezedisk/llvm-intptr-br2-correct2-release/bin/clang++ -m64"
C: CXXOBJOPT="-c -o options"
P: CPUFLAGS="-DSPEC -DNDEBUG"
P: BENCH_FLAGS="-I. -DSPEC_AUTO_SUPPRESS_OPENMP"
P: BENCH_CXXFLAGS=""
O: OPTIMIZE=""
O: CXXOPTIMIZE="-O3 -mavx"
P: PORTABILITY=""
P: CXXPORTABILITY=""
O: EXTRA_CXXFLAGS=""
O: EXTRA_OPTIMIZE=""
O: EXTRA_CXXOPTIMIZE=""
P: EXTRA_PORTABILITY="-DSPEC_LP64"
P: EXTRA_CXXPORTABILITY=""
LINK: "/mnt/freezedisk/llvm-intptr-br2-correct2-release/bin/clang++ -m64       -O3 -mavx   -z muldefs      <objects>            -o options  "
C: LD="/mnt/freezedisk/llvm-intptr-br2-correct2-release/bin/clang++ -m64"
O: CXXOPTIMIZE="-O3 -mavx"
O: LDOPTIMIZE="-z muldefs"
C: LDOUT="-o options"
 CXXC_VERSION_OPTION:
clang version 6.0.0 (https://github.com/aqjune/clang-intptr.git b099f9b86954800bcbdee427fc703eb8a30389da) (https://github.com/aqjune/llvm-intptr.git 072bcfdd83ea02b321f72fca30d5a8384325de92)
Target: x86_64-unknown-linux-gnu
Thread model: posix
InstalledDir: /mnt/freezedisk/llvm-intptr-br2-correct2-release/bin
Found candidate GCC installation: /usr/lib/gcc/x86_64-linux-gnu/5
Found candidate GCC installation: /usr/lib/gcc/x86_64-linux-gnu/5.4.0
Found candidate GCC installation: /usr/lib/gcc/x86_64-linux-gnu/6
Found candidate GCC installation: /usr/lib/gcc/x86_64-linux-gnu/6.0.0
Selected GCC installation: /usr/lib/gcc/x86_64-linux-gnu/5.4.0
Candidate multilib: .;@m64
Selected multilib: .;@m64
clang-6.0: warning: argument unused during compilation: '-D SPEC' [-Wunused-command-line-argument]
clang-6.0: warning: argument unused during compilation: '-D NDEBUG' [-Wunused-command-line-argument]
clang-6.0: warning: argument unused during compilation: '-I .' [-Wunused-command-line-argument]
clang-6.0: warning: argument unused during compilation: '-D SPEC_AUTO_SUPPRESS_OPENMP' [-Wunused-command-line-argument]
clang-6.0: warning: argument unused during compilation: '-O3' [-Wunused-command-line-argument]
clang-6.0: warning: argument unused during compilation: '-mavx' [-Wunused-command-line-argument]
clang-6.0: warning: argument unused during compilation: '-D SPEC_LP64' [-Wunused-command-line-argument]

Build successes for intrate: 541.leela_r(base)
Build errors for intrate: None

Setting Up Run Directories
  Setting up 541.leela_r refrate (ref) base mytest-m64 (1 copy): run_base_refrate_mytest-m64.0000
-----------------------------------
Running Benchmarks
-----------------------------------
  Running (#1) 541.leela_r refrate (ref) base mytest-m64 (1 copy) [2017-11-03 03:58:35]
OpenMP environment variables removed: None
OpenMP environment variables in effect:
	OMP_NUM_THREADS	=> '1'
	OMP_THREAD_LIMIT	=> '1'
Pre-run environment changes:
	'OMP_NUM_THREADS' added: (value now '1')
	'OMP_THREAD_LIMIT' added: (value now '1')
Commands to run (specinvoke command file):
    -N C
    -b numactl -m 0 --physcpubind=0
    -C /mnt/freezedisk/speccpu2017-intptr/benchspec/CPU/541.leela_r/run/run_base_refrate_mytest-m64.0000
    -o ref.out -e ref.err echo "../run_base_refrate_mytest-m64.0000/leela_r_base.mytest-m64 ref.sgf" > run.sh ; $BIND bash run.sh (timed)
Specinvoke: /mnt/freezedisk/speccpu2017-intptr/bin/specinvoke -d /mnt/freezedisk/speccpu2017-intptr/benchspec/CPU/541.leela_r/run/run_base_refrate_mytest-m64.0000 -f speccmds.cmd -q -e speccmds.err -o speccmds.stdout
Issuing command '/mnt/freezedisk/speccpu2017-intptr/bin/specinvoke -d /mnt/freezedisk/speccpu2017-intptr/benchspec/CPU/541.leela_r/run/run_base_refrate_mytest-m64.0000 -f speccmds.cmd -q -e speccmds.err -o speccmds.stdout'
Start command: 2017-11-03 03:58:35 (1509695915.14382)
Stop command: 2017-11-03 04:06:16 (1509696376.91031)
Elapsed time for command: 00:07:41 (461.766493082047)
Workload elapsed time (copy 0 workload 1) = 461.612663 seconds
Copy 0 of 541.leela_r (base refrate) run 1 finished at 2017-11-03 04:06:16.  Total elapsed time: 461.612663
OpenMP environment variables removed: None
OpenMP environment variables in effect:
	OMP_NUM_THREADS	=> '1'
	OMP_THREAD_LIMIT	=> '1'
Pre-run environment changes:
	'OMP_NUM_THREADS' added: (value now '1')
	'OMP_THREAD_LIMIT' added: (value now '1')
comparing 'ref.out' with 
Specinvoke: /mnt/freezedisk/speccpu2017-intptr/bin/specinvoke -d /mnt/freezedisk/speccpu2017-intptr/benchspec/CPU/541.leela_r/run/run_base_refrate_mytest-m64.0000 -f compare.cmd -E -e compare.err -o compare.stdout
Issuing command '/mnt/freezedisk/speccpu2017-intptr/bin/specinvoke -d /mnt/freezedisk/speccpu2017-intptr/benchspec/CPU/541.leela_r/run/run_base_refrate_mytest-m64.0000 -f compare.cmd -E -e compare.err -o compare.stdout'
Start command: 2017-11-03 04:06:16 (1509696376.93735)
Stop command: 2017-11-03 04:06:17 (1509696377.19625)
Elapsed time for command: 00:00:00 (0.258901834487915)
Benchmark Times:
  Run Start:    2017-11-03 03:58:35 (1509695915)
  Rate Start:   2017-11-03 03:58:35 (1509695915.14606)
  Rate End:     2017-11-03 04:06:16 (1509696376.75873)
  Run Stop:     2017-11-03 04:06:16 (1509696376)
  Run Elapsed:  00:07:41 (461)
  Run Reported: 00:07:41 (461 612663030 461.612663)
 Success 541.leela_r base refrate ratio=3.59, runtime=461.612663, copies=1, threads=1, power=0.00W, temp=0.00 degC, humidity=0.00%
-----------------------------------
  Running (#2) 541.leela_r refrate (ref) base mytest-m64 (1 copy) [2017-11-03 04:06:17]
OpenMP environment variables removed: None
OpenMP environment variables in effect:
	OMP_NUM_THREADS	=> '1'
	OMP_THREAD_LIMIT	=> '1'
Pre-run environment changes:
	'OMP_NUM_THREADS' added: (value now '1')
	'OMP_THREAD_LIMIT' added: (value now '1')
Commands to run (specinvoke command file):
    -N C
    -b numactl -m 0 --physcpubind=0
    -C /mnt/freezedisk/speccpu2017-intptr/benchspec/CPU/541.leela_r/run/run_base_refrate_mytest-m64.0000
    -o ref.out -e ref.err echo "../run_base_refrate_mytest-m64.0000/leela_r_base.mytest-m64 ref.sgf" > run.sh ; $BIND bash run.sh (timed)
Specinvoke: /mnt/freezedisk/speccpu2017-intptr/bin/specinvoke -d /mnt/freezedisk/speccpu2017-intptr/benchspec/CPU/541.leela_r/run/run_base_refrate_mytest-m64.0000 -f speccmds.cmd -q -e speccmds.err -o speccmds.stdout
Issuing command '/mnt/freezedisk/speccpu2017-intptr/bin/specinvoke -d /mnt/freezedisk/speccpu2017-intptr/benchspec/CPU/541.leela_r/run/run_base_refrate_mytest-m64.0000 -f speccmds.cmd -q -e speccmds.err -o speccmds.stdout'
Start command: 2017-11-03 04:06:17 (1509696377.24695)
Stop command: 2017-11-03 04:13:58 (1509696838.91902)
Elapsed time for command: 00:07:41 (461.672069072723)
Workload elapsed time (copy 0 workload 1) = 461.518273 seconds
Copy 0 of 541.leela_r (base refrate) run 2 finished at 2017-11-03 04:13:58.  Total elapsed time: 461.518273
OpenMP environment variables removed: None
OpenMP environment variables in effect:
	OMP_NUM_THREADS	=> '1'
	OMP_THREAD_LIMIT	=> '1'
Pre-run environment changes:
	'OMP_NUM_THREADS' added: (value now '1')
	'OMP_THREAD_LIMIT' added: (value now '1')
comparing 'ref.out' with 
Specinvoke: /mnt/freezedisk/speccpu2017-intptr/bin/specinvoke -d /mnt/freezedisk/speccpu2017-intptr/benchspec/CPU/541.leela_r/run/run_base_refrate_mytest-m64.0000 -f compare.cmd -E -e compare.err -o compare.stdout
Issuing command '/mnt/freezedisk/speccpu2017-intptr/bin/specinvoke -d /mnt/freezedisk/speccpu2017-intptr/benchspec/CPU/541.leela_r/run/run_base_refrate_mytest-m64.0000 -f compare.cmd -E -e compare.err -o compare.stdout'
Start command: 2017-11-03 04:13:58 (1509696838.94395)
Stop command: 2017-11-03 04:13:59 (1509696839.19815)
Elapsed time for command: 00:00:00 (0.254193067550659)
Benchmark Times:
  Run Start:    2017-11-03 04:06:17 (1509696377)
  Rate Start:   2017-11-03 04:06:17 (1509696377.24915)
  Rate End:     2017-11-03 04:13:58 (1509696838.76743)
  Run Stop:     2017-11-03 04:13:58 (1509696838)
  Run Elapsed:  00:07:41 (461)
  Run Reported: 00:07:41 (461 518272876 461.518273)
 Success 541.leela_r base refrate ratio=3.59, runtime=461.518273, copies=1, threads=1, power=0.00W, temp=0.00 degC, humidity=0.00%
-----------------------------------
  Running (#3) 541.leela_r refrate (ref) base mytest-m64 (1 copy) [2017-11-03 04:13:59]
OpenMP environment variables removed: None
OpenMP environment variables in effect:
	OMP_NUM_THREADS	=> '1'
	OMP_THREAD_LIMIT	=> '1'
Pre-run environment changes:
	'OMP_NUM_THREADS' added: (value now '1')
	'OMP_THREAD_LIMIT' added: (value now '1')
Commands to run (specinvoke command file):
    -N C
    -b numactl -m 0 --physcpubind=0
    -C /mnt/freezedisk/speccpu2017-intptr/benchspec/CPU/541.leela_r/run/run_base_refrate_mytest-m64.0000
    -o ref.out -e ref.err echo "../run_base_refrate_mytest-m64.0000/leela_r_base.mytest-m64 ref.sgf" > run.sh ; $BIND bash run.sh (timed)
Specinvoke: /mnt/freezedisk/speccpu2017-intptr/bin/specinvoke -d /mnt/freezedisk/speccpu2017-intptr/benchspec/CPU/541.leela_r/run/run_base_refrate_mytest-m64.0000 -f speccmds.cmd -q -e speccmds.err -o speccmds.stdout
Issuing command '/mnt/freezedisk/speccpu2017-intptr/bin/specinvoke -d /mnt/freezedisk/speccpu2017-intptr/benchspec/CPU/541.leela_r/run/run_base_refrate_mytest-m64.0000 -f speccmds.cmd -q -e speccmds.err -o speccmds.stdout'
Start command: 2017-11-03 04:13:59 (1509696839.24875)
Stop command: 2017-11-03 04:21:41 (1509697301.09465)
Elapsed time for command: 00:07:41 (461.845897912979)
Workload elapsed time (copy 0 workload 1) = 461.692096 seconds
Copy 0 of 541.leela_r (base refrate) run 3 finished at 2017-11-03 04:21:40.  Total elapsed time: 461.692096
OpenMP environment variables removed: None
OpenMP environment variables in effect:
	OMP_NUM_THREADS	=> '1'
	OMP_THREAD_LIMIT	=> '1'
Pre-run environment changes:
	'OMP_NUM_THREADS' added: (value now '1')
	'OMP_THREAD_LIMIT' added: (value now '1')
comparing 'ref.out' with 
Specinvoke: /mnt/freezedisk/speccpu2017-intptr/bin/specinvoke -d /mnt/freezedisk/speccpu2017-intptr/benchspec/CPU/541.leela_r/run/run_base_refrate_mytest-m64.0000 -f compare.cmd -E -e compare.err -o compare.stdout
Issuing command '/mnt/freezedisk/speccpu2017-intptr/bin/specinvoke -d /mnt/freezedisk/speccpu2017-intptr/benchspec/CPU/541.leela_r/run/run_base_refrate_mytest-m64.0000 -f compare.cmd -E -e compare.err -o compare.stdout'
Start command: 2017-11-03 04:21:41 (1509697301.11962)
Stop command: 2017-11-03 04:21:41 (1509697301.37376)
Elapsed time for command: 00:00:00 (0.254141092300415)
Benchmark Times:
  Run Start:    2017-11-03 04:13:59 (1509696839)
  Rate Start:   2017-11-03 04:13:59 (1509696839.25096)
  Rate End:     2017-11-03 04:21:40 (1509697300.94306)
  Run Stop:     2017-11-03 04:21:41 (1509697301)
  Run Elapsed:  00:07:42 (462)
  Run Reported: 00:07:41 (461 692095994 461.692096)
 Success 541.leela_r base refrate ratio=3.59, runtime=461.692096, copies=1, threads=1, power=0.00W, temp=0.00 degC, humidity=0.00%
Success: 3x541.leela_r
Producing Raw Reports
 label: mytest-m64
  workload: refrate (ref)
   benchset: intspeed
   benchset: intrate
   metric: SPECrate2017_int_base
    format: raw -> /mnt/freezedisk/speccpu2017-intptr/result/CPU2017.008.intrate.refrate.rsf
Parsing flags for 541.leela_r base: done
Doing flag reduction: done
    format: flags -> /mnt/freezedisk/speccpu2017-intptr/result/CPU2017.008.intrate.refrate.flags.html
    format: cfg -> /mnt/freezedisk/speccpu2017-intptr/result/CPU2017.008.intrate.refrate.cfg, /mnt/freezedisk/speccpu2017-intptr/result/CPU2017.008.intrate.refrate.orig.cfg
    format: CSV -> /mnt/freezedisk/speccpu2017-intptr/result/CPU2017.008.intrate.refrate.csv
    format: PDF -> 
A line in your General Notes section is too long!

/mnt/freezedisk/speccpu2017-intptr/result/CPU2017.008.intrate.refrate.pdf
    format: HTML -> /mnt/freezedisk/speccpu2017-intptr/result/CPU2017.008.intrate.refrate.html
    format: Text -> /mnt/freezedisk/speccpu2017-intptr/result/CPU2017.008.intrate.refrate.txt
   benchset: fpspeed
   benchset: fprate
runcpu finished at 2017-11-03 04:21:44; 1394 total seconds elapsed
Info: file_tail(31139): file '/mnt/freezedisk/speccpu2017-intptr/tmp/CPU2017.008/templogs/preenv.intrate.008.0.debug' was removed and will no longer be followed.  No action is required.
The log for this run is in /mnt/freezedisk/speccpu2017-intptr/result/CPU2017.008.log

runcpu finished at 2017-11-03 04:21:44; 1396 total seconds elapsed
